<?xml version="1.0" encoding="UTF-8"?>
<!-- Generated by org.testng.reporters.JUnitXMLReporter -->
<testsuite hostname="DESKTOP-4CUDJ83" ignored="0" name="Add Customer Test" tests="7" failures="0" timestamp="08 Nov 2017 02:18:29 GMT" time="36.419" errors="0">
  <testcase name="addCustomerTest" time="5.764" classname="testcases.AddCustomerTest"/>
  <testcase name="addCustomerTest" time="4.907" classname="testcases.AddCustomerTest"/>
  <testcase name="addCustomerTest" time="5.323" classname="testcases.AddCustomerTest"/>
  <testcase name="addCustomerTest" time="4.88" classname="testcases.AddCustomerTest"/>
  <testcase name="addCustomerTest" time="4.949" classname="testcases.AddCustomerTest"/>
  <testcase name="addCustomerTest" time="4.922" classname="testcases.AddCustomerTest"/>
  <testcase name="addCustomerTest" time="4.915" classname="testcases.AddCustomerTest"/>
</testsuite> <!-- Add Customer Test -->
