<?xml version="1.0" encoding="UTF-8"?>
<!-- Generated by org.testng.reporters.JUnitXMLReporter -->
<testsuite hostname="DESKTOP-4CUDJ83" ignored="0" name="Open Account Test" tests="7" failures="0" timestamp="08 Nov 2017 02:18:58 GMT" time="28.621" errors="0">
  <testcase name="openAccountTest" time="4.831" classname="testcases.OpenAccountTest"/>
  <testcase name="openAccountTest" time="3.882" classname="testcases.OpenAccountTest"/>
  <testcase name="openAccountTest" time="3.875" classname="testcases.OpenAccountTest"/>
  <testcase name="openAccountTest" time="3.832" classname="testcases.OpenAccountTest"/>
  <testcase name="openAccountTest" time="3.829" classname="testcases.OpenAccountTest"/>
  <testcase name="openAccountTest" time="3.867" classname="testcases.OpenAccountTest"/>
  <testcase name="openAccountTest" time="3.896" classname="testcases.OpenAccountTest"/>
</testsuite> <!-- Open Account Test -->
