<?xml version="1.0" encoding="UTF-8"?>
<!-- Generated by org.testng.reporters.JUnitXMLReporter -->
<testsuite hostname="DESKTOP-FNF69NB" ignored="0" name="Bank Manager Login Test" tests="1" failures="1" timestamp="03 Dec 2017 07:26:19 GMT" time="10.651" errors="0">
  <testcase name="loginAsBankManager" time="10.601" classname="testcases.BankManagerLoginTest">
    <failure type="java.lang.AssertionError" message="Add customer button not found expected [true] but found [false]">
      <![CDATA[java.lang.AssertionError: Add customer button not found expected [true] but found [false]
	at testcases.BankManagerLoginTest.loginAsBankManager(BankManagerLoginTest.java:20)
... Removed 28 stack frames]]>
    </failure>
  </testcase> <!-- loginAsBankManager -->
</testsuite> <!-- Bank Manager Login Test -->
