<?xml version="1.0" encoding="UTF-8"?>
<testsuite name="TestSuite" time="14.27" tests="15" errors="0" skipped="0" failures="0">
  <properties>
[...]
</properties>
  <testcase name="loginAsBankManager" classname="testcases.BankManagerLoginTest" time="3.673"/>
  <testcase name="addCustomerTest" classname="testcases.AddCustomerTest" time="5.764"/>
  <testcase name="addCustomerTest" classname="testcases.AddCustomerTest" time="4.906"/>
  <testcase name="addCustomerTest" classname="testcases.AddCustomerTest" time="5.329"/>
  <testcase name="addCustomerTest" classname="testcases.AddCustomerTest" time="4.882"/>
  <testcase name="addCustomerTest" classname="testcases.AddCustomerTest" time="4.945"/>
  <testcase name="addCustomerTest" classname="testcases.AddCustomerTest" time="4.923"/>
  <testcase name="addCustomerTest" classname="testcases.AddCustomerTest" time="4.909"/>
  <testcase name="openAccountTest" classname="testcases.OpenAccountTest" time="4.833"/>
  <testcase name="openAccountTest" classname="testcases.OpenAccountTest" time="3.884"/>
  <testcase name="openAccountTest" classname="testcases.OpenAccountTest" time="3.877"/>
  <testcase name="openAccountTest" classname="testcases.OpenAccountTest" time="3.836"/>
  <testcase name="openAccountTest" classname="testcases.OpenAccountTest" time="3.83"/>
  <testcase name="openAccountTest" classname="testcases.OpenAccountTest" time="3.873"/>
  <testcase name="openAccountTest" classname="testcases.OpenAccountTest" time="3.894"/>
</testsuite>