<?xml version="1.0" encoding="UTF-8"?>
<testsuite name="Add Customer Test"
           tests="7"
           failures="0"
           errors="0"
           skipped="0"
           time="35.660">
  <properties />
  
  
            <testcase name="addCustomerTest" time="4.915" classname="testcases.AddCustomerTest" />
                <testcase name="addCustomerTest" time="4.880" classname="testcases.AddCustomerTest" />
                <testcase name="addCustomerTest" time="4.907" classname="testcases.AddCustomerTest" />
                <testcase name="addCustomerTest" time="4.949" classname="testcases.AddCustomerTest" />
                <testcase name="addCustomerTest" time="4.922" classname="testcases.AddCustomerTest" />
                <testcase name="addCustomerTest" time="5.323" classname="testcases.AddCustomerTest" />
                <testcase name="addCustomerTest" time="5.764" classname="testcases.AddCustomerTest" />
      
</testsuite>
