<?xml version="1.0" encoding="UTF-8"?>
<!-- Generated by org.testng.reporters.JUnitXMLReporter -->
<testsuite hostname="DESKTOP-FNF69NB" name="Validate Title Test" tests="1" failures="1" timestamp="2 Dec 2017 07:20:30 GMT" time="0.003" errors="0">
  <testcase name="validateTitles" time="0.001" classname="functional.TestCase2">
    <failure type="java.lang.AssertionError" message="expected [gmail.com] but found [gmail1.com]">
      <![CDATA[java.lang.AssertionError: expected [gmail.com] but found [gmail1.com]
	at functional.TestCase2.validateTitles(TestCase2.java:25)
... Removed 32 stack frames]]>
    </failure>
  </testcase> <!-- validateTitles -->
</testsuite> <!-- Validate Title Test -->
