<?xml version="1.0" encoding="UTF-8"?>
<!-- Generated by org.testng.reporters.JUnitXMLReporter -->
<testsuite hostname="DESKTOP-4CUDJ83" ignored="2" name="Dependency Test" tests="1" failures="0" timestamp="17 Oct 2017 07:02:02 GMT" time="0.014" errors="0">
  <testcase name="isSkip" time="0.002" classname="testnglearning.TestCase_3">
    <skipped/>
  </testcase> <!-- isSkip -->
  <testcase name="doLogin" time="0.0" classname="testnglearning.TestCase_3">
    <ignored/>
  </testcase> <!-- doLogin -->
  <testcase name="doUserReg" time="0.0" classname="testnglearning.TestCase_3">
    <ignored/>
  </testcase> <!-- doUserReg -->
</testsuite> <!-- Dependency Test -->
