<?xml version="1.0" encoding="UTF-8"?>
<!-- Generated by org.testng.reporters.JUnitXMLReporter -->
<testsuite hostname="DESKTOP-4CUDJ83" ignored="0" name="Bank Manager Login Test" tests="1" failures="1" timestamp="05 Nov 2017 08:04:52 GMT" time="0.636" errors="0">
  <testcase name="loginAsBankManager" time="0.601" classname="testcases.BankManagerLoginTest">
    <failure type="java.lang.AssertionError" message="Login not executed">
      <![CDATA[java.lang.AssertionError: Login not executed
	at testcases.BankManagerLoginTest.loginAsBankManager(BankManagerLoginTest.java:24)
... Removed 26 stack frames]]>
    </failure>
  </testcase> <!-- loginAsBankManager -->
</testsuite> <!-- Bank Manager Login Test -->
