<?xml version="1.0" encoding="UTF-8"?>
<!-- Generated by org.testng.reporters.JUnitXMLReporter -->
<testsuite hostname="DESKTOP-4CUDJ83" ignored="0" name="Default test" tests="5" failures="0" timestamp="19 Oct 2017 09:37:36 GMT" time="22.504" errors="0">
  <testcase name="doLogin" time="4.308" classname="testnglearning.TestParameterization"/>
  <testcase name="doLogin" time="2.791" classname="testnglearning.TestParameterization"/>
  <testcase name="doLogin" time="2.39" classname="testnglearning.TestParameterization"/>
  <testcase name="doLogin" time="2.56" classname="testnglearning.TestParameterization"/>
  <testcase name="doLogin" time="2.65" classname="testnglearning.TestParameterization"/>
</testsuite> <!-- Default test -->
