<?xml version="1.0" encoding="UTF-8"?>
<!-- Generated by org.testng.reporters.JUnitXMLReporter -->
<testsuite hostname="DESKTOP-FNF69NB" name="Default test" tests="3" failures="0" timestamp="3 Dec 2017 06:39:56 GMT" time="40.826" errors="0">
  <testcase name="doLogin" time="8.001" classname="regression.TestParameterization"/>
  <testcase name="doLogin" time="5.833" classname="regression.TestParameterization"/>
  <testcase name="doLogin" time="6.244" classname="regression.TestParameterization"/>
</testsuite> <!-- Default test -->
