<?xml version="1.0" encoding="UTF-8"?>
<!-- Generated by org.testng.reporters.JUnitXMLReporter -->
<testsuite hostname="DESKTOP-FNF69NB" name="Dependency Test" tests="3" failures="1" timestamp="2 Dec 2017 06:47:49 GMT" time="0.021" errors="0">
  <testcase name="doUserReg" time="0.004" classname="functional.TestCase3">
    <failure type="java.lang.AssertionError" message="User reg not successful">
      <![CDATA[java.lang.AssertionError: User reg not successful
	at functional.TestCase3.doUserReg(TestCase3.java:15)
... Removed 26 stack frames]]>
    </failure>
  </testcase> <!-- doUserReg -->
  <testcase name="doLogin" time="0.0" classname="functional.TestCase3">
    <skipped/>
  </testcase> <!-- doLogin -->
  <testcase name="isSkip" time="0.004" classname="functional.TestCase3">
    <skipped/>
  </testcase> <!-- isSkip -->
</testsuite> <!-- Dependency Test -->
