<?xml version="1.0" encoding="UTF-8"?>
<testng-results skipped="0" failed="0" ignored="0" total="1" passed="1">
  <reporter-output>
  </reporter-output>
  <suite name="Default suite" duration-ms="1821" started-at="2017-12-17T18:34:44Z" finished-at="2017-12-17T18:34:46Z">
    <groups>
    </groups>
    <test name="Default test" duration-ms="1821" started-at="2017-12-17T18:34:44Z" finished-at="2017-12-17T18:34:46Z">
      <class name="com.qa.tests.GetAPITest">
        <test-method status="PASS" signature="setUp()[pri:0, instance:com.qa.tests.GetAPITest@7f9a81e8]" name="setUp" is-config="true" duration-ms="12" started-at="2017-12-17T13:34:44Z" finished-at="2017-12-17T13:34:44Z">
          <reporter-output>
          </reporter-output>
        </test-method> <!-- setUp -->
        <test-method status="PASS" signature="getAPITest()[pri:0, instance:com.qa.tests.GetAPITest@7f9a81e8]" name="getAPITest" duration-ms="1745" started-at="2017-12-17T13:34:44Z" finished-at="2017-12-17T13:34:46Z">
          <reporter-output>
          </reporter-output>
        </test-method> <!-- getAPITest -->
      </class> <!-- com.qa.tests.GetAPITest -->
    </test> <!-- Default test -->
  </suite> <!-- Default suite -->
</testng-results>
